malloc begin size=333
addr=6301856 size=65520 free=1
malloc begin size=1105
addr=6301856 size=333 free=0
addr=6302205 size=65171 free=1
malloc begin size=2328
addr=6301856 size=333 free=0
addr=6302205 size=1105 free=0
addr=6303326 size=64050 free=1
malloc begin size=496
addr=6301856 size=333 free=0
addr=6302205 size=1105 free=0
addr=6303326 size=2328 free=0
addr=6305670 size=61706 free=1
malloc begin size=488
addr=6301856 size=333 free=0
addr=6302205 size=1105 free=0
addr=6303326 size=2328 free=0
addr=6305670 size=496 free=0
addr=6306182 size=61194 free=1
malloc begin size=182
addr=6301856 size=333 free=0
addr=6302205 size=1105 free=0
addr=6303326 size=2328 free=0
addr=6305670 size=496 free=0
addr=6306182 size=488 free=0
addr=6306686 size=60690 free=1
malloc begin size=905
addr=6301856 size=333 free=0
addr=6302205 size=1105 free=0
addr=6303326 size=2328 free=0
addr=6305670 size=496 free=0
addr=6306182 size=488 free=0
addr=6306686 size=182 free=0
addr=6306884 size=60492 free=1
malloc begin size=3844
addr=6301856 size=333 free=0
addr=6302205 size=1105 free=0
addr=6303326 size=2328 free=0
addr=6305670 size=496 free=0
addr=6306182 size=488 free=0
addr=6306686 size=182 free=0
addr=6306884 size=905 free=0
addr=6307805 size=59571 free=1
malloc begin size=2489
addr=6301856 size=333 free=0
addr=6302205 size=1105 free=0
addr=6303326 size=2328 free=0
addr=6305670 size=496 free=0
addr=6306182 size=488 free=0
addr=6306686 size=182 free=0
addr=6306884 size=905 free=0
addr=6307805 size=3844 free=0
addr=6311665 size=55711 free=1
malloc begin size=2609
addr=6301856 size=333 free=0
addr=6302205 size=1105 free=0
addr=6303326 size=2328 free=0
addr=6305670 size=496 free=0
addr=6306182 size=488 free=0
addr=6306686 size=182 free=0
addr=6306884 size=905 free=0
addr=6307805 size=3844 free=0
addr=6311665 size=2489 free=0
addr=6314170 size=53206 free=1
malloc begin size=2928
addr=6301856 size=333 free=0
addr=6302205 size=1105 free=0
addr=6303326 size=2328 free=0
addr=6305670 size=496 free=0
addr=6306182 size=488 free=0
addr=6306686 size=182 free=0
addr=6306884 size=905 free=0
addr=6307805 size=3844 free=0
addr=6311665 size=2489 free=0
addr=6314170 size=2609 free=0
addr=6316795 size=50581 free=1
malloc begin size=1021
addr=6301856 size=333 free=0
addr=6302205 size=1105 free=0
addr=6303326 size=2328 free=0
addr=6305670 size=496 free=0
addr=6306182 size=488 free=0
addr=6306686 size=182 free=0
addr=6306884 size=905 free=0
addr=6307805 size=3844 free=0
addr=6311665 size=2489 free=0
addr=6314170 size=2609 free=0
addr=6316795 size=2928 free=0
addr=6319739 size=47637 free=1
malloc begin size=1184
addr=6301856 size=333 free=0
addr=6302205 size=1105 free=0
addr=6303326 size=2328 free=0
addr=6305670 size=496 free=0
addr=6306182 size=488 free=0
addr=6306686 size=182 free=0
addr=6306884 size=905 free=0
addr=6307805 size=3844 free=0
addr=6311665 size=2489 free=0
addr=6314170 size=2609 free=0
addr=6316795 size=2928 free=0
addr=6319739 size=1021 free=0
addr=6320776 size=46600 free=1
malloc begin size=302
addr=6301856 size=333 free=0
addr=6302205 size=1105 free=0
addr=6303326 size=2328 free=0
addr=6305670 size=496 free=0
addr=6306182 size=488 free=0
addr=6306686 size=182 free=0
addr=6306884 size=905 free=0
addr=6307805 size=3844 free=0
addr=6311665 size=2489 free=0
addr=6314170 size=2609 free=0
addr=6316795 size=2928 free=0
addr=6319739 size=1021 free=0
addr=6320776 size=1184 free=0
addr=6321976 size=45400 free=1
malloc begin size=3408
addr=6301856 size=333 free=0
addr=6302205 size=1105 free=0
addr=6303326 size=2328 free=0
addr=6305670 size=496 free=0
addr=6306182 size=488 free=0
addr=6306686 size=182 free=0
addr=6306884 size=905 free=0
addr=6307805 size=3844 free=0
addr=6311665 size=2489 free=0
addr=6314170 size=2609 free=0
addr=6316795 size=2928 free=0
addr=6319739 size=1021 free=0
addr=6320776 size=1184 free=0
addr=6321976 size=302 free=0
addr=6322294 size=45082 free=1
malloc begin size=3708
addr=6301856 size=333 free=0
addr=6302205 size=1105 free=0
addr=6303326 size=2328 free=0
addr=6305670 size=496 free=0
addr=6306182 size=488 free=0
addr=6306686 size=182 free=0
addr=6306884 size=905 free=0
addr=6307805 size=3844 free=0
addr=6311665 size=2489 free=0
addr=6314170 size=2609 free=0
addr=6316795 size=2928 free=0
addr=6319739 size=1021 free=0
addr=6320776 size=1184 free=0
addr=6321976 size=302 free=0
addr=6322294 size=3408 free=0
addr=6325718 size=41658 free=1
malloc begin size=400
addr=6301856 size=333 free=0
addr=6302205 size=1105 free=0
addr=6303326 size=2328 free=0
addr=6305670 size=496 free=0
addr=6306182 size=488 free=0
addr=6306686 size=182 free=0
addr=6306884 size=905 free=0
addr=6307805 size=3844 free=0
addr=6311665 size=2489 free=0
addr=6314170 size=2609 free=0
addr=6316795 size=2928 free=0
addr=6319739 size=1021 free=0
addr=6320776 size=1184 free=0
addr=6321976 size=302 free=0
addr=6322294 size=3408 free=0
addr=6325718 size=3708 free=0
addr=6329442 size=37934 free=1
malloc begin size=3056
addr=6301856 size=333 free=0
addr=6302205 size=1105 free=0
addr=6303326 size=2328 free=0
addr=6305670 size=496 free=0
addr=6306182 size=488 free=0
addr=6306686 size=182 free=0
addr=6306884 size=905 free=0
addr=6307805 size=3844 free=0
addr=6311665 size=2489 free=0
addr=6314170 size=2609 free=0
addr=6316795 size=2928 free=0
addr=6319739 size=1021 free=0
addr=6320776 size=1184 free=0
addr=6321976 size=302 free=0
addr=6322294 size=3408 free=0
addr=6325718 size=3708 free=0
addr=6329442 size=400 free=0
addr=6329858 size=37518 free=1
malloc begin size=2065
addr=6301856 size=333 free=0
addr=6302205 size=1105 free=0
addr=6303326 size=2328 free=0
addr=6305670 size=496 free=0
addr=6306182 size=488 free=0
addr=6306686 size=182 free=0
addr=6306884 size=905 free=0
addr=6307805 size=3844 free=0
addr=6311665 size=2489 free=0
addr=6314170 size=2609 free=0
addr=6316795 size=2928 free=0
addr=6319739 size=1021 free=0
addr=6320776 size=1184 free=0
addr=6321976 size=302 free=0
addr=6322294 size=3408 free=0
addr=6325718 size=3708 free=0
addr=6329442 size=400 free=0
addr=6329858 size=3056 free=0
addr=6332930 size=34446 free=1
malloc begin size=1027
addr=6301856 size=333 free=0
addr=6302205 size=1105 free=0
addr=6303326 size=2328 free=0
addr=6305670 size=496 free=0
addr=6306182 size=488 free=0
addr=6306686 size=182 free=0
addr=6306884 size=905 free=0
addr=6307805 size=3844 free=0
addr=6311665 size=2489 free=0
addr=6314170 size=2609 free=0
addr=6316795 size=2928 free=0
addr=6319739 size=1021 free=0
addr=6320776 size=1184 free=0
addr=6321976 size=302 free=0
addr=6322294 size=3408 free=0
addr=6325718 size=3708 free=0
addr=6329442 size=400 free=0
addr=6329858 size=3056 free=0
addr=6332930 size=2065 free=0
addr=6335011 size=32365 free=1
malloc begin size=1472
addr=6301856 size=333 free=0
addr=6302205 size=1105 free=0
addr=6303326 size=2328 free=0
addr=6305670 size=496 free=0
addr=6306182 size=488 free=0
addr=6306686 size=182 free=0
addr=6306884 size=905 free=0
addr=6307805 size=3844 free=0
addr=6311665 size=2489 free=0
addr=6314170 size=2609 free=0
addr=6316795 size=2928 free=0
addr=6319739 size=1021 free=0
addr=6320776 size=1184 free=0
addr=6321976 size=302 free=0
addr=6322294 size=3408 free=0
addr=6325718 size=3708 free=0
addr=6329442 size=400 free=0
addr=6329858 size=3056 free=0
addr=6332930 size=2065 free=0
addr=6335011 size=1027 free=0
addr=6336054 size=31322 free=1
free addr=6302205 size=1105
free end
malloc begin size=4085
addr=6301856 size=333 free=0
addr=6302205 size=1105 free=1
addr=6303326 size=2328 free=0
addr=6305670 size=496 free=0
addr=6306182 size=488 free=0
addr=6306686 size=182 free=0
addr=6306884 size=905 free=0
addr=6307805 size=3844 free=0
addr=6311665 size=2489 free=0
addr=6314170 size=2609 free=0
addr=6316795 size=2928 free=0
addr=6319739 size=1021 free=0
addr=6320776 size=1184 free=0
addr=6321976 size=302 free=0
addr=6322294 size=3408 free=0
addr=6325718 size=3708 free=0
addr=6329442 size=400 free=0
addr=6329858 size=3056 free=0
addr=6332930 size=2065 free=0
addr=6335011 size=1027 free=0
addr=6336054 size=1472 free=0
addr=6337542 size=29834 free=1
malloc begin size=2288
addr=6301856 size=333 free=0
addr=6302205 size=1105 free=1
addr=6303326 size=2328 free=0
addr=6305670 size=496 free=0
addr=6306182 size=488 free=0
addr=6306686 size=182 free=0
addr=6306884 size=905 free=0
addr=6307805 size=3844 free=0
addr=6311665 size=2489 free=0
addr=6314170 size=2609 free=0
addr=6316795 size=2928 free=0
addr=6319739 size=1021 free=0
addr=6320776 size=1184 free=0
addr=6321976 size=302 free=0
addr=6322294 size=3408 free=0
addr=6325718 size=3708 free=0
addr=6329442 size=400 free=0
addr=6329858 size=3056 free=0
addr=6332930 size=2065 free=0
addr=6335011 size=1027 free=0
addr=6336054 size=1472 free=0
addr=6337542 size=4085 free=0
addr=6341643 size=25733 free=1
free addr=6322294 size=3408
free end
free addr=6337542 size=4085
free end
malloc begin size=3689
addr=6301856 size=333 free=0
addr=6302205 size=1105 free=1
addr=6303326 size=2328 free=0
addr=6305670 size=496 free=0
addr=6306182 size=488 free=0
addr=6306686 size=182 free=0
addr=6306884 size=905 free=0
addr=6307805 size=3844 free=0
addr=6311665 size=2489 free=0
addr=6314170 size=2609 free=0
addr=6316795 size=2928 free=0
addr=6319739 size=1021 free=0
addr=6320776 size=1184 free=0
addr=6321976 size=302 free=0
addr=6322294 size=3408 free=1
addr=6325718 size=3708 free=0
addr=6329442 size=400 free=0
addr=6329858 size=3056 free=0
addr=6332930 size=2065 free=0
addr=6335011 size=1027 free=0
addr=6336054 size=1472 free=0
addr=6337542 size=4085 free=1
addr=6341643 size=2288 free=0
addr=6343947 size=23429 free=1
malloc begin size=2486
addr=6301856 size=333 free=0
addr=6302205 size=1105 free=1
addr=6303326 size=2328 free=0
addr=6305670 size=496 free=0
addr=6306182 size=488 free=0
addr=6306686 size=182 free=0
addr=6306884 size=905 free=0
addr=6307805 size=3844 free=0
addr=6311665 size=2489 free=0
addr=6314170 size=2609 free=0
addr=6316795 size=2928 free=0
addr=6319739 size=1021 free=0
addr=6320776 size=1184 free=0
addr=6321976 size=302 free=0
addr=6322294 size=3408 free=1
addr=6325718 size=3708 free=0
addr=6329442 size=400 free=0
addr=6329858 size=3056 free=0
addr=6332930 size=2065 free=0
addr=6335011 size=1027 free=0
addr=6336054 size=1472 free=0
addr=6337542 size=3689 free=0
addr=6341247 size=380 free=1
addr=6341643 size=2288 free=0
addr=6343947 size=23429 free=1
free addr=6337542 size=3689
next merge sz1=3689 sz2=1472
free end
malloc begin size=3386
addr=6301856 size=333 free=0
addr=6302205 size=1105 free=1
addr=6303326 size=2328 free=0
addr=6305670 size=496 free=0
addr=6306182 size=488 free=0
addr=6306686 size=182 free=0
addr=6306884 size=905 free=0
addr=6307805 size=3844 free=0
addr=6311665 size=2489 free=0
addr=6314170 size=2609 free=0
addr=6316795 size=2928 free=0
addr=6319739 size=1021 free=0
addr=6320776 size=1184 free=0
addr=6321976 size=302 free=0
addr=6322294 size=2486 free=0
addr=6324796 size=906 free=1
addr=6325718 size=3708 free=0
addr=6329442 size=400 free=0
addr=6329858 size=3056 free=0
addr=6332930 size=2065 free=0
addr=6335011 size=1027 free=0
addr=6336054 size=1472 free=0
addr=6337542 size=4069 free=1
addr=6341643 size=2288 free=0
addr=6343947 size=23429 free=1
free addr=6329858 size=3056
free end
free addr=6306686 size=182
free end
malloc begin size=3671
addr=6301856 size=333 free=0
addr=6302205 size=1105 free=1
addr=6303326 size=2328 free=0
addr=6305670 size=496 free=0
addr=6306182 size=488 free=0
addr=6306686 size=182 free=1
addr=6306884 size=905 free=0
addr=6307805 size=3844 free=0
addr=6311665 size=2489 free=0
addr=6314170 size=2609 free=0
addr=6316795 size=2928 free=0
addr=6319739 size=1021 free=0
addr=6320776 size=1184 free=0
addr=6321976 size=302 free=0
addr=6322294 size=2486 free=0
addr=6324796 size=906 free=1
addr=6325718 size=3708 free=0
addr=6329442 size=400 free=0
addr=6329858 size=3056 free=1
addr=6332930 size=2065 free=0
addr=6335011 size=1027 free=0
addr=6336054 size=1472 free=0
addr=6337542 size=3386 free=0
addr=6340944 size=667 free=1
addr=6341643 size=2288 free=0
addr=6343947 size=23429 free=1
free addr=6325718 size=3708
prev merge sz1=3708 sz2=906
free end
malloc begin size=3877
addr=6301856 size=333 free=0
addr=6302205 size=1105 free=1
addr=6303326 size=2328 free=0
addr=6305670 size=496 free=0
addr=6306182 size=488 free=0
addr=6306686 size=182 free=1
addr=6306884 size=905 free=0
addr=6307805 size=3844 free=0
addr=6311665 size=2489 free=0
addr=6314170 size=2609 free=0
addr=6316795 size=2928 free=0
addr=6319739 size=1021 free=0
addr=6320776 size=1184 free=0
addr=6321976 size=302 free=0
addr=6322294 size=2486 free=0
addr=6324796 size=4614 free=1
addr=6329442 size=400 free=0
addr=6329858 size=3056 free=1
addr=6332930 size=2065 free=0
addr=6335011 size=1027 free=0
addr=6336054 size=1472 free=0
addr=6337542 size=3386 free=0
addr=6340944 size=667 free=1
addr=6341643 size=2288 free=0
addr=6343947 size=3671 free=0
addr=6347634 size=19742 free=1
malloc begin size=3984
addr=6301856 size=333 free=0
addr=6302205 size=1105 free=1
addr=6303326 size=2328 free=0
addr=6305670 size=496 free=0
addr=6306182 size=488 free=0
addr=6306686 size=182 free=1
addr=6306884 size=905 free=0
addr=6307805 size=3844 free=0
addr=6311665 size=2489 free=0
addr=6314170 size=2609 free=0
addr=6316795 size=2928 free=0
addr=6319739 size=1021 free=0
addr=6320776 size=1184 free=0
addr=6321976 size=302 free=0
addr=6322294 size=2486 free=0
addr=6324796 size=3877 free=0
addr=6328689 size=721 free=1
addr=6329442 size=400 free=0
addr=6329858 size=3056 free=1
addr=6332930 size=2065 free=0
addr=6335011 size=1027 free=0
addr=6336054 size=1472 free=0
addr=6337542 size=3386 free=0
addr=6340944 size=667 free=1
addr=6341643 size=2288 free=0
addr=6343947 size=3671 free=0
addr=6347634 size=19742 free=1
free addr=6311665 size=2489
free end
free addr=6332930 size=2065
prev merge sz1=2065 sz2=3056
free end
malloc begin size=589
addr=6301856 size=333 free=0
addr=6302205 size=1105 free=1
addr=6303326 size=2328 free=0
addr=6305670 size=496 free=0
addr=6306182 size=488 free=0
addr=6306686 size=182 free=1
addr=6306884 size=905 free=0
addr=6307805 size=3844 free=0
addr=6311665 size=2489 free=1
addr=6314170 size=2609 free=0
addr=6316795 size=2928 free=0
addr=6319739 size=1021 free=0
addr=6320776 size=1184 free=0
addr=6321976 size=302 free=0
addr=6322294 size=2486 free=0
addr=6324796 size=3877 free=0
addr=6328689 size=721 free=1
addr=6329442 size=400 free=0
addr=6329858 size=5121 free=1
addr=6335011 size=1027 free=0
addr=6336054 size=1472 free=0
addr=6337542 size=3386 free=0
addr=6340944 size=667 free=1
addr=6341643 size=2288 free=0
addr=6343947 size=3671 free=0
addr=6347634 size=3984 free=0
addr=6351634 size=15742 free=1
malloc begin size=3531
addr=6301856 size=333 free=0
addr=6302205 size=589 free=0
addr=6302810 size=500 free=1
addr=6303326 size=2328 free=0
addr=6305670 size=496 free=0
addr=6306182 size=488 free=0
addr=6306686 size=182 free=1
addr=6306884 size=905 free=0
addr=6307805 size=3844 free=0
addr=6311665 size=2489 free=1
addr=6314170 size=2609 free=0
addr=6316795 size=2928 free=0
addr=6319739 size=1021 free=0
addr=6320776 size=1184 free=0
addr=6321976 size=302 free=0
addr=6322294 size=2486 free=0
addr=6324796 size=3877 free=0
addr=6328689 size=721 free=1
addr=6329442 size=400 free=0
addr=6329858 size=5121 free=1
addr=6335011 size=1027 free=0
addr=6336054 size=1472 free=0
addr=6337542 size=3386 free=0
addr=6340944 size=667 free=1
addr=6341643 size=2288 free=0
addr=6343947 size=3671 free=0
addr=6347634 size=3984 free=0
addr=6351634 size=15742 free=1
free addr=6306884 size=905
prev merge sz1=905 sz2=182
free end
free addr=6329442 size=400
prev merge sz1=400 sz2=721
free end
malloc begin size=2887
addr=6301856 size=333 free=0
addr=6302205 size=589 free=0
addr=6302810 size=500 free=1
addr=6303326 size=2328 free=0
addr=6305670 size=496 free=0
addr=6306182 size=488 free=0
addr=6306686 size=1087 free=1
addr=6307805 size=3844 free=0
addr=6311665 size=2489 free=1
addr=6314170 size=2609 free=0
addr=6316795 size=2928 free=0
addr=6319739 size=1021 free=0
addr=6320776 size=1184 free=0
addr=6321976 size=302 free=0
addr=6322294 size=2486 free=0
addr=6324796 size=3877 free=0
addr=6328689 size=1121 free=1
addr=6329858 size=3531 free=0
addr=6333405 size=1574 free=1
addr=6335011 size=1027 free=0
addr=6336054 size=1472 free=0
addr=6337542 size=3386 free=0
addr=6340944 size=667 free=1
addr=6341643 size=2288 free=0
addr=6343947 size=3671 free=0
addr=6347634 size=3984 free=0
addr=6351634 size=15742 free=1
free addr=6343947 size=3671
free end
free addr=6303326 size=2328
prev merge sz1=2328 sz2=500
free end
malloc begin size=76
addr=6301856 size=333 free=0
addr=6302205 size=589 free=0
addr=6302810 size=2828 free=1
addr=6305670 size=496 free=0
addr=6306182 size=488 free=0
addr=6306686 size=1087 free=1
addr=6307805 size=3844 free=0
addr=6311665 size=2489 free=1
addr=6314170 size=2609 free=0
addr=6316795 size=2928 free=0
addr=6319739 size=1021 free=0
addr=6320776 size=1184 free=0
addr=6321976 size=302 free=0
addr=6322294 size=2486 free=0
addr=6324796 size=3877 free=0
addr=6328689 size=1121 free=1
addr=6329858 size=3531 free=0
addr=6333405 size=1574 free=1
addr=6335011 size=1027 free=0
addr=6336054 size=1472 free=0
addr=6337542 size=3386 free=0
addr=6340944 size=667 free=1
addr=6341643 size=2288 free=0
addr=6343947 size=3671 free=1
addr=6347634 size=3984 free=0
addr=6351634 size=2887 free=0
addr=6354537 size=12839 free=1
free addr=6306182 size=488
next merge sz1=488 sz2=496
free end
malloc begin size=1078
addr=6301856 size=333 free=0
addr=6302205 size=589 free=0
addr=6302810 size=76 free=0
addr=6302902 size=2736 free=1
addr=6305670 size=496 free=0
addr=6306182 size=1575 free=1
addr=6307805 size=3844 free=0
addr=6311665 size=2489 free=1
addr=6314170 size=2609 free=0
addr=6316795 size=2928 free=0
addr=6319739 size=1021 free=0
addr=6320776 size=1184 free=0
addr=6321976 size=302 free=0
addr=6322294 size=2486 free=0
addr=6324796 size=3877 free=0
addr=6328689 size=1121 free=1
addr=6329858 size=3531 free=0
addr=6333405 size=1574 free=1
addr=6335011 size=1027 free=0
addr=6336054 size=1472 free=0
addr=6337542 size=3386 free=0
addr=6340944 size=667 free=1
addr=6341643 size=2288 free=0
addr=6343947 size=3671 free=1
addr=6347634 size=3984 free=0
addr=6351634 size=2887 free=0
addr=6354537 size=12839 free=1
malloc begin size=1292
addr=6301856 size=333 free=0
addr=6302205 size=589 free=0
addr=6302810 size=76 free=0
addr=6302902 size=1078 free=0
addr=6303996 size=1642 free=1
addr=6305670 size=496 free=0
addr=6306182 size=1575 free=1
addr=6307805 size=3844 free=0
addr=6311665 size=2489 free=1
addr=6314170 size=2609 free=0
addr=6316795 size=2928 free=0
addr=6319739 size=1021 free=0
addr=6320776 size=1184 free=0
addr=6321976 size=302 free=0
addr=6322294 size=2486 free=0
addr=6324796 size=3877 free=0
addr=6328689 size=1121 free=1
addr=6329858 size=3531 free=0
addr=6333405 size=1574 free=1
addr=6335011 size=1027 free=0
addr=6336054 size=1472 free=0
addr=6337542 size=3386 free=0
addr=6340944 size=667 free=1
addr=6341643 size=2288 free=0
addr=6343947 size=3671 free=1
addr=6347634 size=3984 free=0
addr=6351634 size=2887 free=0
addr=6354537 size=12839 free=1
malloc begin size=3696
addr=6301856 size=333 free=0
addr=6302205 size=589 free=0
addr=6302810 size=76 free=0
addr=6302902 size=1078 free=0
addr=6303996 size=1292 free=0
addr=6305304 size=334 free=1
addr=6305670 size=496 free=0
addr=6306182 size=1575 free=1
addr=6307805 size=3844 free=0
addr=6311665 size=2489 free=1
addr=6314170 size=2609 free=0
addr=6316795 size=2928 free=0
addr=6319739 size=1021 free=0
addr=6320776 size=1184 free=0
addr=6321976 size=302 free=0
addr=6322294 size=2486 free=0
addr=6324796 size=3877 free=0
addr=6328689 size=1121 free=1
addr=6329858 size=3531 free=0
addr=6333405 size=1574 free=1
addr=6335011 size=1027 free=0
addr=6336054 size=1472 free=0
addr=6337542 size=3386 free=0
addr=6340944 size=667 free=1
addr=6341643 size=2288 free=0
addr=6343947 size=3671 free=1
addr=6347634 size=3984 free=0
addr=6351634 size=2887 free=0
addr=6354537 size=12839 free=1
Strategy 1 : position first
time         : 641 ms
malloc count : 36
miss count   : 0
free addr=6322294 size=2486
free end
free addr=6351634 size=2887
free end
free addr=6337542 size=3386
next merge sz1=3386 sz2=1472
free end
free addr=6316795 size=2928
free end
free addr=6321257 size=1583
free end
free addr=6320776 size=1184
free end
free addr=6302205 size=589
free end
free addr=6336964 size=3749
next merge sz1=3749 sz2=2994
free end
free addr=6302810 size=76
prev